Beginning trial 4 of 10
Gathering sys log on lambda-server
:::MLL 1571839290.481 submission_benchmark: {"value": "transformer", "metadata": {"file": "mlperf_log_utils.py", "lineno": 228}}
:::MLL 1571839290.482 submission_org: {"value": "NVIDIA", "metadata": {"file": "mlperf_log_utils.py", "lineno": 233}}
WARNING: Log validation: Key "submission_division" is not in known transformer keys.
:::MLL 1571839290.483 submission_division: {"value": "closed", "metadata": {"file": "mlperf_log_utils.py", "lineno": 237}}
:::MLL 1571839290.484 submission_status: {"value": "onprem", "metadata": {"file": "mlperf_log_utils.py", "lineno": 241}}
:::MLL 1571839290.485 submission_platform: {"value": "1xG481-S80-00", "metadata": {"file": "mlperf_log_utils.py", "lineno": 245}}
:::MLL 1571839290.485 submission_entry: {"value": "{'hardware': 'G481-S80-00', 'framework': 'PyTorch NVIDIA Release 19.05', 'power': 'N/A', 'notes': 'N/A', 'interconnect': ' ', 'os': 'Ubuntu 18.04.3 LTS / ', 'libraries': \"{'container_base': 'Ubuntu-16.04', 'openmpi_version': '3.1.3', 'mofed_version': '0', 'cuda_version': '10.1.163', 'cuda_driver_version': '418.67', 'nccl_version': '2.4.6', 'cudnn_version': '7.6.0.64', 'cublas_version': '10.2.0.163', 'trt_version': '5.1.5.0', 'dali_version': '0.9.1'}\", 'compilers': 'gcc (Ubuntu 5.4.0-6ubuntu1~16.04.11) 5.4.0 20160609', 'nodes': \"{'num_nodes': '1', 'cpu': '2x Intel(R) Xeon(R) Gold 6148 CPU @ 2.40GHz', 'num_cores': '40', 'num_vcpus': '80', 'accelerator': 'Tesla V100-SXM2-32GB', 'num_accelerators': '8', 'sys_mem_size': '502 GB', 'sys_storage_type': 'NVMe SSD', 'sys_storage_size': '1x 1.8T', 'cpu_accel_interconnect': 'UPI', 'network_card': '', 'num_network_cards': '0', 'notes': ''}\"}", "metadata": {"file": "mlperf_log_utils.py", "lineno": 249}}
:::MLL 1571839290.486 submission_poc_name: {"value": "Paulius Micikevicius", "metadata": {"file": "mlperf_log_utils.py", "lineno": 253}}
:::MLL 1571839290.487 submission_poc_email: {"value": "pauliusm@nvidia.com", "metadata": {"file": "mlperf_log_utils.py", "lineno": 257}}
Clearing caches
:::MLL 1571839294.112 cache_clear: {"value": true, "metadata": {"file": "<string>", "lineno": 1}}
Launching on node lambda-server
+ pids+=($!)
+ set +x
++ eval echo
+++ echo
+ docker exec -e DGXSYSTEM=DGX1 -e 'MULTI_NODE= --master_port=5101' -e 'SEED=     4188738' -e SLURM_JOB_ID=191023055100652601648 -e SLURM_NTASKS_PER_NODE= -e SLURM_NNODES=1 -e MODE=TRAIN cont_191023055100652601648 ./run_and_time.sh
Run vars: id 191023055100652601648 gpus 8 mparams  --master_port=5101
+ SEED='     4188738'
+ MAX_TOKENS=10240
+ DATASET_DIR=/data
+ MODE=TRAIN
+ NUMEPOCHS=30
+ case "$MODE" in
+ source run_training.sh
+++ date +%s
++ START=1571839294
+++ date '+%Y-%m-%d %r'
++ START_FMT='2019-10-23 02:01:34 PM'
STARTING TIMING RUN AT 2019-10-23 02:01:34 PM
++ echo 'STARTING TIMING RUN AT 2019-10-23 02:01:34 PM'
++ [[ 8 -ne 1 ]]
++ DISTRIBUTED_INIT_METHOD='--distributed-init-method env://'
++ export DGXSYSTEM
++ export SLURM_NTASKS_PER_NODE
++ export SLURM_NNODES
++ export MLPERF_HOST_OS
++ python -m bind_launch --nsockets_per_node 2 --ncores_per_socket 20 --nproc_per_node 8 --master_port=5101 train.py /data --seed 4188738 --arch transformer_wmt_en_de_big_t2t --share-all-embeddings --optimizer adam --adam-betas '(0.9, 0.997)' --adam-eps 1e-9 --clip-norm 0.0 --lr-scheduler inverse_sqrt --warmup-init-lr 0.0 --warmup-updates 1000 --lr 1.976e-3 --min-lr 0.0 --dropout 0.1 --weight-decay 0.0 --criterion label_smoothed_cross_entropy --label-smoothing 0.1 --max-tokens 10240 --max-epoch 30 --target-bleu 25.0 --ignore-case --no-save --update-freq 1 --fp16 --seq-len-multiple 2 --softmax-type fast_fill --source_lang en --target_lang de --bucket_growth_factor 1.035 --batching_scheme v0p5_better --batch_multiple_strategy dynamic --fast-xentropy --max-len-a 1 --max-len-b 50 --lenpen 0.6 --distributed-init-method env:// --max-source-positions 64 --max-target-positions 64 --enable-parallel-backward-allred-opt --parallel-backward-allred-opt-threshold 105404416 --parallel-backward-allred-cuda-nstreams 2 --adam-betas '(0.9,0.98)'
| distributed init (rank 0): env://
| distributed env init. MASTER_ADDR: 127.0.0.1, MASTER_PORT: 5101, WORLD_SIZE: 8, RANK: 6
| distributed init (rank 0): env://
| distributed env init. MASTER_ADDR: 127.0.0.1, MASTER_PORT: 5101, WORLD_SIZE: 8, RANK: 5
| distributed init (rank 0): env://
| distributed env init. MASTER_ADDR: 127.0.0.1, MASTER_PORT: 5101, WORLD_SIZE: 8, RANK: 4
| distributed init (rank 0): env://
| distributed env init. MASTER_ADDR: 127.0.0.1, MASTER_PORT: 5101, WORLD_SIZE: 8, RANK: 2
| distributed init (rank 0): env://
| distributed env init. MASTER_ADDR: 127.0.0.1, MASTER_PORT: 5101, WORLD_SIZE: 8, RANK: 0
| distributed init (rank 0): env://
| distributed env init. MASTER_ADDR: 127.0.0.1, MASTER_PORT: 5101, WORLD_SIZE: 8, RANK: 3
| distributed init done!
| distributed init (rank 0): env://
| distributed env init. MASTER_ADDR: 127.0.0.1, MASTER_PORT: 5101, WORLD_SIZE: 8, RANK: 1
| distributed init done!
| distributed init (rank 0): env://
| distributed env init. MASTER_ADDR: 127.0.0.1, MASTER_PORT: 5101, WORLD_SIZE: 8, RANK: 7
| distributed init done!
:::MLL 1571839301.759 init_start: {"value": null, "metadata": {"file": "train.py", "lineno": 57}}
:::MLL 1571839301.760 init_start: {"value": null, "metadata": {"file": "train.py", "lineno": 57}}
:::MLL 1571839301.769 init_start: {"value": null, "metadata": {"file": "train.py", "lineno": 57}}
| distributed init done!
| distributed init done!
| distributed init done!
| distributed init done!
| distributed init done!
| initialized host lambda-server as rank 0 and device id 0
:::MLL 1571839302.766 init_start: {"value": null, "metadata": {"file": "train.py", "lineno": 57}}
:::MLL 1571839302.771 init_start: {"value": null, "metadata": {"file": "train.py", "lineno": 57}}
:::MLL 1571839302.776 init_start: {"value": null, "metadata": {"file": "train.py", "lineno": 57}}
:::MLL 1571839302.778 init_start: {"value": null, "metadata": {"file": "train.py", "lineno": 57}}
:::MLL 1571839302.784 init_start: {"value": null, "metadata": {"file": "train.py", "lineno": 57}}
Namespace(adam_betas='(0.9,0.98)', adam_eps=1e-09, adaptive_softmax_cutoff=None, arch='transformer_wmt_en_de_big_t2t', attention_dropout=0.1, batch_multiple_strategy='dynamic', batching_scheme='v0p5_better', beam=4, bucket_growth_factor=1.035, clip_norm=0.0, cpu=False, criterion='label_smoothed_cross_entropy', data='/data', dataloader_num_workers=1, decoder_attention_heads=16, decoder_embed_dim=1024, decoder_embed_path=None, decoder_ffn_embed_dim=4096, decoder_layers=6, decoder_learned_pos=False, decoder_normalize_before=True, device_id=0, distributed_backend='nccl', distributed_init_method='env://', distributed_port=-1, distributed_rank=0, distributed_world_size=8, dropout=0.1, enable_dataloader_pin_memory=False, enable_parallel_backward_allred_opt=True, enable_parallel_backward_allred_opt_correctness_check=False, encoder_attention_heads=16, encoder_embed_dim=1024, encoder_embed_path=None, encoder_ffn_embed_dim=4096, encoder_layers=6, encoder_learned_pos=False, encoder_normalize_before=True, fast_xentropy=True, fp16=True, fuse_dropout_add=False, fuse_relu_dropout=False, gen_subset='test', ignore_case=True, keep_interval_updates=-1, label_smoothing=0.1, left_pad_source='True', left_pad_target='False', lenpen=0.6, local_rank=0, log_format=None, log_interval=1000, log_translations=False, lr=[0.001976], lr_scheduler='inverse_sqrt', lr_shrink=0.1, max_epoch=30, max_len_a=1.0, max_len_b=50, max_sentences=None, max_sentences_valid=None, max_source_positions=64, max_target_positions=64, max_tokens=10240, max_update=0, min_len=1, min_loss_scale=0.0001, min_lr=0.0, model_overrides='{}', momentum=0.99, nbest=1, no_beamable_mm=False, no_early_stop=False, no_epoch_checkpoints=False, no_progress_bar=False, no_save=True, no_token_positional_embeddings=False, num_shards=1, online_eval=False, optimizer='adam', parallel_backward_allred_cuda_nstreams=2, parallel_backward_allred_opt_threshold=105404416, path=None, prefix_size=0, print_alignment=False, profile=None, quiet=False, raw_text=False, relu_dropout=0.1, remove_bpe=None, replace_unk=None, restore_file='checkpoint_last.pt', sampling=False, sampling_temperature=1, sampling_topk=-1, save_dir='checkpoints', save_interval=1, save_interval_updates=0, score_reference=False, seed=4188738, sentence_avg=False, seq_len_multiple=2, shard_id=0, share_all_embeddings=True, share_decoder_input_output_embed=False, skip_invalid_size_inputs_valid_test=False, softmax_type='fast_fill', source_lang='en', target_bleu=25.0, target_lang='de', task='translation', train_subset='train', unkpen=0, unnormalized=False, update_freq=[1], valid_subset='valid', validate_interval=1, warmup_init_lr=0.0, warmup_updates=1000, weight_decay=0.0)
:::MLL 1571839318.063 global_batch_size: {"value": 81920, "metadata": {"file": "train.py", "lineno": 74}}
:::MLL 1571839318.063 opt_name: {"value": "adam", "metadata": {"file": "train.py", "lineno": 75}}
:::MLL 1571839318.064 opt_base_learning_rate: {"value": 0.001976, "metadata": {"file": "train.py", "lineno": 77}}
:::MLL 1571839318.064 opt_learning_rate_warmup_steps: {"value": 1000, "metadata": {"file": "train.py", "lineno": 78}}
:::MLL 1571839318.064 max_sequence_length: {"value": 64, "metadata": {"file": "train.py", "lineno": 80}}
:::MLL 1571839318.065 opt_adam_beta_1: {"value": 0.9, "metadata": {"file": "train.py", "lineno": 81}}
:::MLL 1571839318.065 opt_adam_beta_2: {"value": 0.98, "metadata": {"file": "train.py", "lineno": 82}}
:::MLL 1571839318.065 opt_adam_epsilon: {"value": 1e-09, "metadata": {"file": "train.py", "lineno": 83}}
| [en] dictionary: 33712 types
| [de] dictionary: 33712 types
| model transformer_wmt_en_de_big_t2t, criterion LabelSmoothedCrossEntropyCriterion
| num. model params: 210808832
| parallel all-reduce ENABLED. all-reduce threshold: 105404416
| # of parallel all-reduce cuda streams: 2
| training on 8 GPUs
| max tokens per GPU = 10240 and max sentences per GPU = None
:::MLL 1571839331.395 init_stop: {"value": null, "metadata": {"file": "train.py", "lineno": 140}}
:::MLL 1571839331.395 run_start: {"value": null, "metadata": {"file": "train.py", "lineno": 142}}
filename: /data/train.en-de.en
raw_text: False
| /data train 4590101 examples
filename: /data/train1.en-de.en
raw_text: False
filename: /data/train1.de-en.en
raw_text: False
srcline: tensor([  76, 1438,    3, 7160,  691,  188,  560,   81,    4,    2])
| Sentences are being padded to multiples of: 2
filename: /data/test.en-de.en
raw_text: False
| /data test 3003 examples
srcline: tensor([ 7549,  4344,    64, 32364,  1259,    20, 13504,  8959,  3868,     2])
| Sentences are being padded to multiples of: 2
filename: /data/test1.en-de.en
raw_text: False
filename: /data/test1.de-en.en
raw_text: False
:::MLL 1571839333.778 block_start: {"value": null, "metadata": {"first_epoch_num": 1, "epoch_count": 1, "file": "train.py", "lineno": 162}}
:::MLL 1571839333.779 epoch_start: {"value": null, "metadata": {"epoch_num": 1, "file": "train.py", "lineno": 163}}
generated 13089 batches in 1.999221s
got epoch iterator 2.0009102821350098
| WARNING: overflow detected, setting loss scale to: 64.0
| WARNING: overflow detected, setting loss scale to: 32.0
| WARNING: overflow detected, setting loss scale to: 16.0
| WARNING: overflow detected, setting loss scale to: 8.0
| WARNING: overflow detected, setting loss scale to: 4.0
| epoch 001:   1000 / 1637 loss=7.572, nll_loss=0.000, ppl=1.00, wps=305818, ups=3.8, wpb=74894, bsz=2594, num_updates=996, lr=0.0019681, gnorm=82860.740, clip=100%, oom=0, loss_scale=4.000, wall=259
| epoch 001 | loss 6.631 | nll_loss 0.000 | ppl 1.00 | wps 307222 | ups 4.0 | wpb 74787 | bsz 2595 | num_updates 1632 | lr 0.00154677 | gnorm 53868.310 | clip 100% | oom 0 | loss_scale 4.000 | wall 412
epoch time  397.61705803871155
:::MLL 1571839733.404 epoch_stop: {"value": null, "metadata": {"epoch_num": 1, "file": "train.py", "lineno": 201}}
:::MLL 1571839733.405 eval_start: {"value": null, "metadata": {"epoch_num": 1, "file": "train.py", "lineno": 547}}
generated 51 batches in 0.000696s
| Translated 445 sentences (10694 tokens) in 3.3s (135.77 sentences/s, 3262.67 tokens/s)
| Generate test with beam=4: bleu_score=19.7169
| Eval completed in: 5.23s
:::MLL 1571839738.633 eval_stop: {"value": null, "metadata": {"epoch_num": 1, "file": "train.py", "lineno": 658}}
:::MLL 1571839738.636 eval_accuracy: {"value": "19.716885685920715", "metadata": {"epoch_num": 1, "file": "train.py", "lineno": 211}}
validation and scoring  5.239940404891968
:::MLL 1571839738.681 block_stop: {"value": null, "metadata": {"first_epoch_num": 1, "file": "train.py", "lineno": 226}}
:::MLL 1571839738.682 block_start: {"value": null, "metadata": {"first_epoch_num": 2, "epoch_count": 1, "file": "train.py", "lineno": 162}}
:::MLL 1571839738.682 epoch_start: {"value": null, "metadata": {"epoch_num": 2, "file": "train.py", "lineno": 163}}
generated 13089 batches in 1.895989s
got epoch iterator 1.9652023315429688
| epoch 002:   1000 / 1637 loss=4.717, nll_loss=0.000, ppl=1.00, wps=309300, ups=4.0, wpb=74829, bsz=2588, num_updates=2633, lr=0.00121776, gnorm=35479.089, clip=100%, oom=0, loss_scale=4.000, wall=662
| epoch 002 | loss 4.644 | nll_loss 0.000 | ppl 1.00 | wps 309053 | ups 4.1 | wpb 74793 | bsz 2597 | num_updates 3269 | lr 0.0010929 | gnorm 30177.216 | clip 100% | oom 0 | loss_scale 8.000 | wall 816
epoch time  396.46173620224
:::MLL 1571840137.111 epoch_stop: {"value": null, "metadata": {"epoch_num": 2, "file": "train.py", "lineno": 201}}
:::MLL 1571840137.112 eval_start: {"value": null, "metadata": {"epoch_num": 2, "file": "train.py", "lineno": 547}}
generated 51 batches in 0.000688s
| Translated 445 sentences (11350 tokens) in 3.4s (129.13 sentences/s, 3293.45 tokens/s)
| Generate test with beam=4: bleu_score=24.3362
| Eval completed in: 5.41s
:::MLL 1571840142.526 eval_stop: {"value": null, "metadata": {"epoch_num": 2, "file": "train.py", "lineno": 658}}
:::MLL 1571840142.529 eval_accuracy: {"value": "24.33624267578125", "metadata": {"epoch_num": 2, "file": "train.py", "lineno": 211}}
validation and scoring  5.4196062088012695
:::MLL 1571840142.574 block_stop: {"value": null, "metadata": {"first_epoch_num": 2, "file": "train.py", "lineno": 226}}
:::MLL 1571840142.575 block_start: {"value": null, "metadata": {"first_epoch_num": 3, "epoch_count": 1, "file": "train.py", "lineno": 162}}
:::MLL 1571840142.575 epoch_start: {"value": null, "metadata": {"epoch_num": 3, "file": "train.py", "lineno": 163}}
generated 13089 batches in 2.037125s
got epoch iterator 2.108330726623535
| epoch 003:   1000 / 1637 loss=4.390, nll_loss=0.000, ppl=1.00, wps=308654, ups=4.0, wpb=74866, bsz=2599, num_updates=4270, lr=0.000956253, gnorm=24895.381, clip=100%, oom=0, loss_scale=8.000, wall=1066
| epoch 003 | loss 4.369 | nll_loss 0.000 | ppl 1.00 | wps 308791 | ups 4.0 | wpb 74793 | bsz 2597 | num_updates 4906 | lr 0.00089212 | gnorm 22867.848 | clip 100% | oom 0 | loss_scale 16.000 | wall 1220
epoch time  396.6271514892578
:::MLL 1571840541.313 epoch_stop: {"value": null, "metadata": {"epoch_num": 3, "file": "train.py", "lineno": 201}}
:::MLL 1571840541.314 eval_start: {"value": null, "metadata": {"epoch_num": 3, "file": "train.py", "lineno": 547}}
generated 51 batches in 0.000691s
| Translated 445 sentences (12037 tokens) in 3.7s (121.36 sentences/s, 3282.76 tokens/s)
| Generate test with beam=4: bleu_score=25.1861
| Eval completed in: 5.64s
:::MLL 1571840546.957 eval_stop: {"value": null, "metadata": {"epoch_num": 3, "file": "train.py", "lineno": 658}}
:::MLL 1571840546.960 eval_accuracy: {"value": "25.186118483543396", "metadata": {"epoch_num": 3, "file": "train.py", "lineno": 211}}
validation and scoring  5.6496241092681885
:::MLL 1571840547.006 block_stop: {"value": null, "metadata": {"first_epoch_num": 3, "file": "train.py", "lineno": 226}}
:::MLL 1571840547.006 run_stop: {"value": null, "metadata": {"status": "success", "file": "train.py", "lineno": 231}}
| done training in 1220.7 seconds
++ ret_code=0
++ sleep 3
++ [[ 0 != 0 ]]
+++ date +%s
++ END=1571840554
+++ date '+%Y-%m-%d %r'
ENDING TIMING RUN AT 2019-10-23 02:22:34 PM
++ END_FMT='2019-10-23 02:22:34 PM'
++ echo 'ENDING TIMING RUN AT 2019-10-23 02:22:34 PM'
++ RESULT=1260
++ RESULT_NAME=transformer
RESULT,transformer,     4188738,1260,,2019-10-23 02:01:34 PM
++ echo 'RESULT,transformer,     4188738,1260,,2019-10-23 02:01:34 PM'
+ set +x
